<?xml version="1.0" encoding="UTF-8"?>
<!-- Generated by org.testng.reporters.JUnitReportReporter -->
<testsuite skipped="0" hostname="VAIO" name="tests.ToBeReviewedTest" tests="3" failures="0" timestamp="2021-05-19T15:02:27 CAT" time="126.784" errors="0">
  <testcase name="ValidateNoChangeOnToBeReviewedSurvey" time="52.382" classname="tests.ToBeReviewedTest"/>
  <system-out/>
  <testcase name="ValidateNonComplianceOnToBeReviewedSurvey" time="35.795" classname="tests.ToBeReviewedTest"/>
  <system-out/>
  <testcase name="ValidateScoreOnToBeReviewedSurvey" time="38.607" classname="tests.ToBeReviewedTest"/>
  <system-out/>
</testsuite> <!-- tests.ToBeReviewedTest -->
