<?xml version="1.0" encoding="UTF-8"?>
<!-- Generated by org.testng.reporters.JUnitReportReporter -->
<testsuite skipped="0" hostname="VAIO" name="tests.UserLoggedInTest" tests="3" failures="0" timestamp="2021-05-19T15:09:01 CAT" time="354.828" errors="0">
  <testcase name="CurrentTable" time="29.041" classname="tests.UserLoggedInTest"/>
  <system-out/>
  <testcase name="CompletedTable" time="254.485" classname="tests.UserLoggedInTest"/>
  <system-out/>
  <testcase name="ToBeReviewedTable" time="71.302" classname="tests.UserLoggedInTest"/>
  <system-out/>
</testsuite> <!-- tests.UserLoggedInTest -->
