<?xml version="1.0" encoding="UTF-8"?>
<!-- Generated by org.testng.reporters.JUnitReportReporter -->
<testsuite skipped="0" hostname="VAIO" name="tests.CompletedSurveyTest" tests="2" failures="0" timestamp="2021-05-19T14:39:38 CAT" time="71.210" errors="0">
  <testcase name="ValidateCompletedScore" time="40.743" classname="tests.CompletedSurveyTest"/>
  <system-out/>
  <testcase name="ValidateCompletedSurvey" time="30.467" classname="tests.CompletedSurveyTest"/>
  <system-out/>
</testsuite> <!-- tests.CompletedSurveyTest -->
