<?xml version="1.0" encoding="UTF-8"?>
<!-- Generated by org.testng.reporters.JUnitReportReporter -->
<testsuite skipped="0" hostname="VAIO" name="tests.CurrentSurveyTest" tests="2" failures="0" timestamp="2021-05-19T14:46:14 CAT" time="347.308" errors="0">
  <testcase name="ValidateStartSurvey" time="248.042" classname="tests.CurrentSurveyTest"/>
  <system-out/>
  <testcase name="ValidateSurveyStarted" time="99.266" classname="tests.CurrentSurveyTest"/>
  <system-out/>
</testsuite> <!-- tests.CurrentSurveyTest -->
