<?xml version="1.0" encoding="UTF-8"?>
<!-- Generated by org.testng.reporters.JUnitReportReporter -->
<testsuite skipped="0" hostname="VAIO" name="tests.DemoTest" tests="1" failures="0" timestamp="2021-02-17T18:09:15 CAT" time="0.176" errors="0">
  <testcase name="DemoTestToBeReviewed" time="0.176" classname="tests.DemoTest"/>
  <system-out/>
</testsuite> <!-- tests.DemoTest -->
