<?xml version="1.0" encoding="UTF-8"?>
<!-- Generated by org.testng.reporters.JUnitReportReporter -->
<testsuite skipped="0" hostname="VAIO" name="tests.SuperUserTest" tests="4" failures="0" timestamp="2021-05-19T14:59:50 CAT" time="549.218" errors="0">
  <testcase name="TestEntitySettingsExists" time="126.730" classname="tests.SuperUserTest"/>
  <system-out/>
  <testcase name="TestResponsibleUserExists" time="69.713" classname="tests.SuperUserTest"/>
  <system-out/>
  <testcase name="TestEntityExists" time="93.610" classname="tests.SuperUserTest"/>
  <system-out/>
  <testcase name="TestResponsibleUserSettingsExists" time="259.165" classname="tests.SuperUserTest"/>
  <system-out/>
</testsuite> <!-- tests.SuperUserTest -->
