<?xml version="1.0" encoding="UTF-8"?>
<!-- Generated by org.testng.reporters.JUnitReportReporter -->
<testsuite skipped="0" hostname="VAIO" name="tests.HomePageLoggedOutTest" tests="1" failures="0" timestamp="2021-05-19T14:47:42 CAT" time="43.392" errors="0">
  <testcase name="HomePageOpens" time="43.392" classname="tests.HomePageLoggedOutTest"/>
  <system-out/>
</testsuite> <!-- tests.HomePageLoggedOutTest -->
