<?xml version="1.0" encoding="UTF-8"?>
<!-- Generated by org.testng.reporters.JUnitReportReporter -->
<testsuite skipped="0" hostname="VAIO" name="tests.HomePageLoggedOutTest" tests="1" failures="0" timestamp="2021-02-21T16:37:14 CAT" time="0.053" errors="0">
  <testcase name="DemoTestToBeReviewed" time="0.053" classname="tests.HomePageLoggedOutTest"/>
  <system-out/>
</testsuite> <!-- tests.HomePageLoggedOutTest -->
