<?xml version="1.0" encoding="UTF-8"?>
<!-- Generated by org.testng.reporters.JUnitReportReporter -->
<testsuite skipped="0" hostname="VAIO" name="tests.UserLoggedInTest" tests="3" failures="0" timestamp="2021-02-21T16:37:14 CAT" time="0.128" errors="0">
  <testcase name="ToBeReviewedTable" time="0.003" classname="tests.UserLoggedInTest"/>
  <system-out/>
  <testcase name="CompletedTable" time="0.122" classname="tests.UserLoggedInTest"/>
  <system-out/>
  <testcase name="CurrentTable" time="0.003" classname="tests.UserLoggedInTest"/>
  <system-out/>
</testsuite> <!-- tests.UserLoggedInTest -->
